<?xml version="1.0" encoding="UTF-8"?>
<testsuite name="server.utils.UtilsTest" tests="1" skipped="0" failures="0" errors="0" timestamp="2020-01-15T14:19:49" hostname="DESKTOP-9KIEHSL" time="0.003">
  <properties/>
  <testcase name="getRoleByEmailTest" classname="server.utils.UtilsTest" time="0.003"/>
  <system-out><![CDATA[]]></system-out>
  <system-err><![CDATA[]]></system-err>
</testsuite>
